#
# There is insufficient memory for the Java Runtime Environment to continue.
# Native memory allocation (malloc) failed to allocate 984656 bytes for Chunk::new
# Possible reasons:
#   The system is out of physical RAM or swap space
#   The process is running with CompressedOops enabled, and the Java Heap may be blocking the growth of the native heap
# Possible solutions:
#   Reduce memory load on the system
#   Increase physical memory or swap space
#   Check if swap backing store is full
#   Decrease Java heap size (-Xmx/-Xms)
#   Decrease number of Java threads
#   Decrease Java thread stack sizes (-Xss)
#   Set larger code cache with -XX:ReservedCodeCacheSize=
#   JVM is running with Unscaled Compressed Oops mode in which the Java heap is
#     placed in the first 4GB address space. The Java Heap base address is the
#     maximum limit for the native heap growth. Please use -XX:HeapBaseMinAddress
#     to set the Java Heap base and to place the Java Heap above 4GB virtual address.
# This output file may be truncated or incomplete.
#
#  Out of Memory Error (allocation.cpp:389), pid=1208, tid=0x0000000000000d64
#
# JRE version: OpenJDK Runtime Environment (8.0_242-b01) (build 1.8.0_242-release-1644-b01)
# Java VM: OpenJDK 64-Bit Server VM (25.242-b01 mixed mode windows-amd64 compressed oops)
# Failed to write core dump. Minidumps are not enabled by default on client versions of Windows
#

---------------  T H R E A D  ---------------

Current thread (0x0000000017b4f800):  JavaThread "C2 CompilerThread1" daemon [_thread_in_native, id=3428, stack(0x0000000019290000,0x0000000019390000)]

Stack: [0x0000000019290000,0x0000000019390000]
[error occurred during error reporting (printing stack bounds), id 0xc0000005]

Native frames: (J=compiled Java code, j=interpreted, Vv=VM code, C=native code)


Current CompileTask:
C2: 172291 19220 %     4       com.android.tools.r8.ir.conversion.K::a @ 339 (951 bytes)


---------------  P R O C E S S  ---------------

Java Threads: ( => current thread )
  0x000000001b329800 JavaThread "Cache worker for Java compile cache (B:\Android Apps\MyApplication\.gradle\6.5\javaCompile)" [_thread_blocked, id=4884, stack(0x000000002dba0000,0x000000002dca0000)]
  0x000000001b324800 JavaThread "Cache worker for Java compile cache (C:\Users\wafph\.gradle\caches\6.5\javaCompile)" [_thread_blocked, id=1804, stack(0x000000002f120000,0x000000002f220000)]
  0x000000001b329000 JavaThread "stdout" [_thread_in_native, id=11620, stack(0x000000002d6a0000,0x000000002d7a0000)]
  0x000000001b325000 JavaThread "stderr" [_thread_in_native, id=14772, stack(0x000000002d5a0000,0x000000002d6a0000)]
  0x000000001b321800 JavaThread "stdout" [_thread_in_native, id=524, stack(0x000000002d4a0000,0x000000002d5a0000)]
  0x000000001b323800 JavaThread "stderr" [_thread_in_native, id=8148, stack(0x000000002d3a0000,0x000000002d4a0000)]
  0x000000001ee47800 JavaThread "stdout" [_thread_in_native, id=7668, stack(0x000000002d2a0000,0x000000002d3a0000)]
  0x000000001ee46000 JavaThread "stderr" [_thread_in_native, id=11952, stack(0x000000002d1a0000,0x000000002d2a0000)]
  0x000000001ee43800 JavaThread "stdout" [_thread_in_native, id=1540, stack(0x000000002d0a0000,0x000000002d1a0000)]
  0x000000001ee43000 JavaThread "stderr" [_thread_in_native, id=9332, stack(0x000000002cfa0000,0x000000002d0a0000)]
  0x000000001ee46800 JavaThread "pool-4-thread-1" [_thread_blocked, id=9236, stack(0x000000002cda0000,0x000000002cea0000)]
  0x000000001ee48000 JavaThread "WorkerExecutor Queue Thread 4" [_thread_blocked, id=7956, stack(0x000000002cca0000,0x000000002cda0000)]
  0x000000001ee44800 JavaThread "WorkerExecutor Queue Thread 3" [_thread_blocked, id=11176, stack(0x000000002cba0000,0x000000002cca0000)]
  0x000000001ee3d000 JavaThread "WorkerExecutor Queue Thread 2" [_thread_blocked, id=12480, stack(0x000000002c8a0000,0x000000002c9a0000)]
  0x000000001ee3a000 JavaThread "WorkerExecutor Queue" [_thread_blocked, id=7120, stack(0x000000002c7a0000,0x000000002c8a0000)]
  0x000000001ee40800 JavaThread "Cache worker for execution history cache (B:\Android Apps\MyApplication\.gradle\6.5\executionHistory)" [_thread_blocked, id=13820, stack(0x000000002c4a0000,0x000000002c5a0000)]
  0x000000001ee39000 JavaThread "Execution worker for ':' Thread 3" [_thread_blocked, id=12920, stack(0x000000002bad0000,0x000000002bbd0000)]
  0x000000001ee40000 JavaThread "Execution worker for ':' Thread 2" [_thread_blocked, id=13284, stack(0x000000002b730000,0x000000002b830000)]
  0x000000001ee3f000 JavaThread "Execution worker for ':'" [_thread_in_native, id=2856, stack(0x000000002a210000,0x000000002a310000)]
  0x000000001ee3e800 JavaThread "Cache worker for file content cache (B:\Android Apps\MyApplication\.gradle\6.5\fileContent)" [_thread_blocked, id=14776, stack(0x0000000028b40000,0x0000000028c40000)]
  0x000000001ee3d800 JavaThread "Cache worker for Build Output Cleanup Cache (B:\Android Apps\MyApplication\.gradle\buildOutputCleanup)" [_thread_blocked, id=14156, stack(0x0000000028a40000,0x0000000028b40000)]
  0x000000001ee3b800 JavaThread "jar transforms Thread 184" [_thread_blocked, id=14120, stack(0x0000000028940000,0x0000000028a40000)]
  0x000000001ee7f000 JavaThread "jar transforms Thread 183" [_thread_blocked, id=14860, stack(0x0000000028840000,0x0000000028940000)]
  0x000000001ee7d800 JavaThread "jar transforms Thread 182" [_thread_blocked, id=14476, stack(0x0000000028740000,0x0000000028840000)]
  0x000000001ee7c800 JavaThread "jar transforms Thread 181" [_thread_blocked, id=7088, stack(0x0000000028640000,0x0000000028740000)]
  0x000000001ee7c000 JavaThread "jar transforms Thread 180" [_thread_blocked, id=2388, stack(0x0000000028540000,0x0000000028640000)]
  0x000000001ee7e000 JavaThread "jar transforms Thread 179" [_thread_blocked, id=8888, stack(0x0000000028440000,0x0000000028540000)]
  0x000000001ee7b000 JavaThread "jar transforms Thread 178" [_thread_blocked, id=14276, stack(0x0000000028340000,0x0000000028440000)]
  0x000000001ee73800 JavaThread "jar transforms Thread 177" [_thread_blocked, id=7612, stack(0x0000000028240000,0x0000000028340000)]
  0x000000001ee7a800 JavaThread "jar transforms Thread 176" [_thread_blocked, id=5524, stack(0x0000000028140000,0x0000000028240000)]
  0x000000001ee72800 JavaThread "jar transforms Thread 175" [_thread_blocked, id=12928, stack(0x0000000028040000,0x0000000028140000)]
  0x000000001ee79800 JavaThread "jar transforms Thread 174" [_thread_blocked, id=6684, stack(0x0000000027f40000,0x0000000028040000)]
  0x000000001ee72000 JavaThread "jar transforms Thread 173" [_thread_blocked, id=14548, stack(0x0000000027e40000,0x0000000027f40000)]
  0x000000001ee79000 JavaThread "jar transforms Thread 172" [_thread_blocked, id=8204, stack(0x0000000027d40000,0x0000000027e40000)]
  0x000000001ee71000 JavaThread "jar transforms Thread 171" [_thread_blocked, id=2308, stack(0x0000000027c40000,0x0000000027d40000)]
  0x000000001ee78000 JavaThread "jar transforms Thread 170" [_thread_blocked, id=15140, stack(0x0000000027b40000,0x0000000027c40000)]
  0x000000001ee74000 JavaThread "jar transforms Thread 169" [_thread_blocked, id=14444, stack(0x0000000027a40000,0x0000000027b40000)]
  0x000000001ee77800 JavaThread "jar transforms Thread 168" [_thread_blocked, id=12032, stack(0x0000000027940000,0x0000000027a40000)]
  0x000000001ee76800 JavaThread "jar transforms Thread 167" [_thread_blocked, id=992, stack(0x0000000027840000,0x0000000027940000)]
  0x000000001ee6f800 JavaThread "jar transforms Thread 166" [_thread_blocked, id=13868, stack(0x0000000027740000,0x0000000027840000)]
  0x000000001ee70800 JavaThread "jar transforms Thread 165" [_thread_blocked, id=14872, stack(0x0000000027640000,0x0000000027740000)]
  0x000000001ee75000 JavaThread "jar transforms Thread 164" [_thread_blocked, id=6184, stack(0x0000000027540000,0x0000000027640000)]
  0x000000001ee75800 JavaThread "jar transforms Thread 163" [_thread_blocked, id=956, stack(0x0000000027440000,0x0000000027540000)]
  0x000000001ec0c800 JavaThread "jar transforms Thread 162" [_thread_blocked, id=9340, stack(0x0000000027340000,0x0000000027440000)]
  0x000000001ec0c000 JavaThread "jar transforms Thread 161" [_thread_blocked, id=14980, stack(0x0000000027240000,0x0000000027340000)]
  0x000000001ec10800 JavaThread "jar transforms Thread 160" [_thread_blocked, id=9572, stack(0x0000000027140000,0x0000000027240000)]
  0x000000001ec0e000 JavaThread "jar transforms Thread 159" [_thread_blocked, id=10736, stack(0x0000000027040000,0x0000000027140000)]
  0x000000001ec0d800 JavaThread "jar transforms Thread 158" [_thread_blocked, id=10360, stack(0x0000000026f40000,0x0000000027040000)]
  0x000000001ec12000 JavaThread "jar transforms Thread 157" [_thread_blocked, id=10752, stack(0x0000000026e40000,0x0000000026f40000)]
  0x000000001ec0f800 JavaThread "jar transforms Thread 156" [_thread_blocked, id=5952, stack(0x0000000026d40000,0x0000000026e40000)]
  0x000000001ec0f000 JavaThread "jar transforms Thread 155" [_thread_blocked, id=8080, stack(0x0000000026c40000,0x0000000026d40000)]
  0x000000001ec11000 JavaThread "jar transforms Thread 154" [_thread_blocked, id=11328, stack(0x0000000026b40000,0x0000000026c40000)]
  0x000000001ec04800 JavaThread "jar transforms Thread 153" [_thread_blocked, id=4560, stack(0x0000000026a40000,0x0000000026b40000)]
  0x000000001ec0b000 JavaThread "jar transforms Thread 152" [_thread_blocked, id=15264, stack(0x0000000026940000,0x0000000026a40000)]
  0x000000001ec0a800 JavaThread "jar transforms Thread 151" [_thread_blocked, id=2816, stack(0x0000000026840000,0x0000000026940000)]
  0x000000001ec09800 JavaThread "jar transforms Thread 150" [_thread_blocked, id=4404, stack(0x0000000026740000,0x0000000026840000)]
  0x000000001ec05000 JavaThread "jar transforms Thread 149" [_thread_blocked, id=5356, stack(0x0000000026640000,0x0000000026740000)]
  0x000000001ec09000 JavaThread "jar transforms Thread 148" [_thread_blocked, id=11488, stack(0x0000000026540000,0x0000000026640000)]
  0x000000001ec07800 JavaThread "jar transforms Thread 147" [_thread_blocked, id=10024, stack(0x0000000026440000,0x0000000026540000)]
  0x000000001ec02800 JavaThread "jar transforms Thread 146" [_thread_blocked, id=13928, stack(0x0000000026340000,0x0000000026440000)]
  0x000000001ec06000 JavaThread "jar transforms Thread 145" [_thread_blocked, id=13420, stack(0x0000000026240000,0x0000000026340000)]
  0x000000001ec06800 JavaThread "jar transforms Thread 144" [_thread_blocked, id=2408, stack(0x0000000026140000,0x0000000026240000)]
  0x000000001ec03800 JavaThread "jar transforms Thread 143" [_thread_blocked, id=2756, stack(0x0000000026040000,0x0000000026140000)]
  0x000000001ec08000 JavaThread "jar transforms Thread 142" [_thread_blocked, id=7732, stack(0x0000000025f40000,0x0000000026040000)]
  0x000000001a5d9000 JavaThread "jar transforms Thread 141" [_thread_blocked, id=12548, stack(0x0000000025e40000,0x0000000025f40000)]
  0x000000001a5d8800 JavaThread "jar transforms Thread 140" [_thread_blocked, id=4216, stack(0x0000000025d40000,0x0000000025e40000)]
  0x000000001a5d7000 JavaThread "jar transforms Thread 139" [_thread_blocked, id=14604, stack(0x0000000025c40000,0x0000000025d40000)]
  0x000000001a5da800 JavaThread "jar transforms Thread 138" [_thread_blocked, id=10040, stack(0x0000000025b40000,0x0000000025c40000)]
  0x000000001a5d5800 JavaThread "jar transforms Thread 137" [_thread_blocked, id=6064, stack(0x0000000025a40000,0x0000000025b40000)]
  0x000000001a5d6000 JavaThread "jar transforms Thread 136" [_thread_blocked, id=9880, stack(0x0000000025940000,0x0000000025a40000)]
  0x000000001a5db800 JavaThread "jar transforms Thread 135" [_thread_blocked, id=14328, stack(0x0000000025840000,0x0000000025940000)]
  0x000000001a5d4800 JavaThread "jar transforms Thread 134" [_thread_blocked, id=4172, stack(0x0000000025740000,0x0000000025840000)]
  0x000000001a5d7800 JavaThread "jar transforms Thread 133" [_thread_blocked, id=2804, stack(0x0000000025640000,0x0000000025740000)]
  0x000000001a5da000 JavaThread "jar transforms Thread 132" [_thread_blocked, id=8928, stack(0x0000000025540000,0x0000000025640000)]
  0x000000001c3cd800 JavaThread "jar transforms Thread 131" [_thread_blocked, id=6100, stack(0x0000000025440000,0x0000000025540000)]
  0x000000001c3cc800 JavaThread "jar transforms Thread 130" [_thread_blocked, id=1448, stack(0x0000000025340000,0x0000000025440000)]
  0x000000001c3ce000 JavaThread "jar transforms Thread 129" [_thread_blocked, id=1280, stack(0x0000000025240000,0x0000000025340000)]
  0x000000001c3cc000 JavaThread "jar transforms Thread 128" [_thread_blocked, id=3976, stack(0x0000000025140000,0x0000000025240000)]
  0x000000001c3c9000 JavaThread "jar transforms Thread 127" [_thread_blocked, id=14144, stack(0x0000000025040000,0x0000000025140000)]
  0x000000001c3cf800 JavaThread "jar transforms Thread 126" [_thread_blocked, id=14060, stack(0x0000000024f40000,0x0000000025040000)]
  0x000000001c3ca800 JavaThread "jar transforms Thread 125" [_thread_blocked, id=2324, stack(0x0000000024e40000,0x0000000024f40000)]
  0x000000001c3c8000 JavaThread "jar transforms Thread 124" [_thread_blocked, id=1704, stack(0x0000000024d40000,0x0000000024e40000)]
  0x000000001c3cf000 JavaThread "jar transforms Thread 123" [_thread_blocked, id=13336, stack(0x0000000024c40000,0x0000000024d40000)]
  0x000000001c3cb000 JavaThread "jar transforms Thread 122" [_thread_blocked, id=5324, stack(0x0000000024b40000,0x0000000024c40000)]
  0x000000001c3c9800 JavaThread "jar transforms Thread 121" [_thread_blocked, id=7588, stack(0x0000000024a40000,0x0000000024b40000)]
  0x000000001c3c0800 JavaThread "jar transforms Thread 120" [_thread_blocked, id=11544, stack(0x0000000024940000,0x0000000024a40000)]
  0x000000001c3c6000 JavaThread "jar transforms Thread 119" [_thread_blocked, id=13816, stack(0x0000000024840000,0x0000000024940000)]
  0x000000001c3c6800 JavaThread "jar transforms Thread 118" [_thread_blocked, id=13632, stack(0x0000000024740000,0x0000000024840000)]
  0x000000001c3c5000 JavaThread "jar transforms Thread 117" [_thread_blocked, id=2696, stack(0x0000000024640000,0x0000000024740000)]
  0x000000001c3c4800 JavaThread "jar transforms Thread 116" [_thread_blocked, id=14228, stack(0x0000000024540000,0x0000000024640000)]
  0x000000001c3c3000 JavaThread "jar transforms Thread 115" [_thread_blocked, id=5024, stack(0x0000000023830000,0x0000000023930000)]
  0x000000001c3c2000 JavaThread "jar transforms Thread 114" [_thread_blocked, id=11732, stack(0x0000000022f30000,0x0000000023030000)]
  0x000000001c3c3800 JavaThread "jar transforms Thread 113" [_thread_blocked, id=14948, stack(0x0000000022e30000,0x0000000022f30000)]
  0x000000001c3c7800 JavaThread "jar transforms Thread 112" [_thread_blocked, id=12968, stack(0x0000000022d30000,0x0000000022e30000)]
  0x000000001c3c1800 JavaThread "jar transforms Thread 111" [_thread_blocked, id=14588, stack(0x0000000022a30000,0x0000000022b30000)]
  0x0000000017b4d800 JavaThread "jar transforms Thread 110" [_thread_blocked, id=5828, stack(0x0000000022930000,0x0000000022a30000)]
  0x0000000017b4f000 JavaThread "jar transforms Thread 109" [_thread_blocked, id=13440, stack(0x0000000022830000,0x0000000022930000)]
  0x0000000017b4c000 JavaThread "jar transforms Thread 108" [_thread_blocked, id=15224, stack(0x0000000022730000,0x0000000022830000)]
  0x0000000017b50800 JavaThread "jar transforms Thread 107" [_thread_blocked, id=7368, stack(0x0000000022630000,0x0000000022730000)]
  0x0000000017b4b000 JavaThread "jar transforms Thread 106" [_thread_blocked, id=10424, stack(0x0000000022530000,0x0000000022630000)]
  0x000000001a2d7800 JavaThread "jar transforms Thread 105" [_thread_blocked, id=13764, stack(0x0000000022430000,0x0000000022530000)]
  0x000000001a2d6000 JavaThread "jar transforms Thread 104" [_thread_blocked, id=2436, stack(0x0000000022330000,0x0000000022430000)]
  0x000000001a2d7000 JavaThread "jar transforms Thread 103" [_thread_blocked, id=3076, stack(0x0000000022230000,0x0000000022330000)]
  0x000000001a2d5800 JavaThread "jar transforms Thread 102" [_thread_blocked, id=14188, stack(0x0000000022130000,0x0000000022230000)]
  0x000000001a2d4800 JavaThread "jar transforms Thread 101" [_thread_blocked, id=6780, stack(0x0000000022030000,0x0000000022130000)]
  0x000000001a2d4000 JavaThread "jar transforms Thread 100" [_thread_blocked, id=7988, stack(0x0000000021f30000,0x0000000022030000)]
  0x000000001a2cc000 JavaThread "jar transforms Thread 99" [_thread_blocked, id=5872, stack(0x0000000021e30000,0x0000000021f30000)]
  0x000000001a2d3000 JavaThread "jar transforms Thread 98" [_thread_blocked, id=12064, stack(0x0000000021d30000,0x0000000021e30000)]
  0x000000001a2cd000 JavaThread "jar transforms Thread 97" [_thread_blocked, id=9484, stack(0x0000000021c30000,0x0000000021d30000)]
  0x000000001a2cb800 JavaThread "jar transforms Thread 96" [_thread_blocked, id=2348, stack(0x0000000021b30000,0x0000000021c30000)]
  0x000000001a2d2800 JavaThread "jar transforms Thread 95" [_thread_blocked, id=8584, stack(0x0000000021a30000,0x0000000021b30000)]
  0x000000001a2d1800 JavaThread "jar transforms Thread 94" [_thread_blocked, id=14068, stack(0x0000000021930000,0x0000000021a30000)]
  0x000000001a2ca800 JavaThread "jar transforms Thread 93" [_thread_blocked, id=360, stack(0x0000000021830000,0x0000000021930000)]
  0x000000001c3de800 JavaThread "Build operations Thread 4" [_thread_blocked, id=10568, stack(0x0000000021730000,0x0000000021830000)]
  0x000000001c3e3000 JavaThread "Build operations Thread 3" [_thread_blocked, id=7116, stack(0x0000000021630000,0x0000000021730000)]
  0x000000001c3dd800 JavaThread "Build operations Thread 2" [_thread_blocked, id=13508, stack(0x0000000021530000,0x0000000021630000)]
  0x000000001c3e0000 JavaThread "Build operations" [_thread_in_Java, id=4256, stack(0x0000000021430000,0x0000000021530000)]
  0x000000001c3e2000 JavaThread "Cache worker for cache directory md-rule (C:\Users\wafph\.gradle\caches\6.5\md-rule)" [_thread_blocked, id=3876, stack(0x0000000021330000,0x0000000021430000)]
  0x000000001c3d5800 JavaThread "Cache worker for cache directory md-supplier (C:\Users\wafph\.gradle\caches\6.5\md-supplier)" [_thread_blocked, id=11640, stack(0x00000000201c0000,0x00000000202c0000)]
  0x000000001c3d6000 JavaThread "Cache worker for checksums cache (B:\Android Apps\MyApplication\.gradle\checksums)" [_thread_blocked, id=9072, stack(0x00000000200c0000,0x00000000201c0000)]
  0x000000001c3dc000 JavaThread "Cache worker for file hash cache (B:\Android Apps\MyApplication\.gradle\6.5\fileHashes)" [_thread_blocked, id=6356, stack(0x000000001d620000,0x000000001d720000)]
  0x000000001c3d8800 JavaThread "Thread-126" [_thread_blocked, id=12488, stack(0x000000001d320000,0x000000001d420000)]
  0x000000001c3d4800 JavaThread "Stdin handler" [_thread_blocked, id=10868, stack(0x000000001d220000,0x000000001d320000)]
  0x000000001c3db800 JavaThread "Asynchronous log dispatcher for DefaultDaemonConnection: socket connection from /127.0.0.1:63375 to /127.0.0.1:63438" [_thread_blocked, id=6060, stack(0x000000001d120000,0x000000001d220000)]
  0x000000001c3d4000 JavaThread "Daemon worker Thread 2" [_thread_blocked, id=8964, stack(0x000000001d020000,0x000000001d120000)]
  0x000000001c3d7000 JavaThread "Cancel handler" [_thread_blocked, id=10452, stack(0x0000000001290000,0x0000000001390000)]
  0x000000001c3d7800 JavaThread "Handler for socket connection from /127.0.0.1:63375 to /127.0.0.1:63438" [_thread_in_native, id=12000, stack(0x0000000001190000,0x0000000001290000)]
  0x000000001c3da800 JavaThread "Daemon Thread 2" [_thread_blocked, id=6928, stack(0x0000000001090000,0x0000000001190000)]
  0x000000001c3d9000 JavaThread "Memory manager" [_thread_blocked, id=14448, stack(0x0000000029c40000,0x0000000029d40000)]
  0x000000001a2cd800 JavaThread "Cache worker for file content cache (C:\Users\wafph\.gradle\caches\6.5\fileContent)" [_thread_blocked, id=2332, stack(0x0000000023730000,0x0000000023830000)]
  0x000000001a2c8800 JavaThread "Cache worker for execution history cache (C:\Users\wafph\.gradle\caches\6.5\executionHistory)" [_thread_blocked, id=14728, stack(0x0000000023230000,0x0000000023330000)]
  0x0000000017b4c800 JavaThread "Cache worker for file hash cache (C:\Users\wafph\.gradle\caches\6.5\fileHashes)" [_thread_blocked, id=13304, stack(0x000000001dc20000,0x000000001dd20000)]
  0x0000000017b51000 JavaThread "File lock request listener" [_thread_in_native, id=11232, stack(0x000000001db20000,0x000000001dc20000)]
  0x0000000017b4e000 JavaThread "Cache worker for journal cache (C:\Users\wafph\.gradle\caches\journal-1)" [_thread_blocked, id=11744, stack(0x000000001d920000,0x000000001da20000)]
  0x000000001b963800 JavaThread "Daemon periodic checks" [_thread_blocked, id=11512, stack(0x000000001cd20000,0x000000001ce20000)]
  0x000000001b961000 JavaThread "Incoming local TCP Connector on port 63375" [_thread_in_native, id=1780, stack(0x000000001cae0000,0x000000001cbe0000)]
  0x000000001956c000 JavaThread "Daemon health stats" [_thread_blocked, id=1824, stack(0x000000001c4a0000,0x000000001c5a0000)]
  0x00000000194c9000 JavaThread "Service Thread" daemon [_thread_blocked, id=9936, stack(0x0000000019890000,0x0000000019990000)]
  0x0000000017b52000 JavaThread "C1 CompilerThread2" daemon [_thread_blocked, id=9896, stack(0x0000000019390000,0x0000000019490000)]
=>0x0000000017b4f800 JavaThread "C2 CompilerThread1" daemon [_thread_in_native, id=3428, stack(0x0000000019290000,0x0000000019390000)]
  0x0000000017b46800 JavaThread "C2 CompilerThread0" daemon [_thread_in_native, id=1600, stack(0x0000000019190000,0x0000000019290000)]
  0x0000000017b45000 JavaThread "Attach Listener" daemon [_thread_blocked, id=568, stack(0x0000000019090000,0x0000000019190000)]
  0x0000000017b43800 JavaThread "Signal Dispatcher" daemon [_thread_blocked, id=12608, stack(0x0000000018f90000,0x0000000019090000)]
  0x0000000002f1a800 JavaThread "Finalizer" daemon [_thread_blocked, id=6436, stack(0x0000000018d90000,0x0000000018e90000)]
  0x0000000002f11000 JavaThread "Reference Handler" daemon [_thread_blocked, id=10972, stack(0x0000000018c90000,0x0000000018d90000)]
  0x0000000002e1e800 JavaThread "main" [_thread_blocked, id=11788, stack(0x0000000002c30000,0x0000000002d30000)]

Other Threads:
  0x0000000017b07000 VMThread [stack: 0x0000000018b90000,0x0000000018c90000] [id=13236]
  0x0000000017b9c800 WatcherThread [stack: 0x0000000019990000,0x0000000019a90000] [id=5620]

VM state:not at safepoint (normal execution)

VM Mutex/Monitor currently owned by a thread: None

heap address: 0x0000000080000000, size: 2048 MB, Compressed Oops mode: 32-bit
Narrow klass base: 0x0000000000000000, Narrow klass shift: 3
Compressed class space size: 1073741824 Address: 0x0000000100000000

Heap:
 PSYoungGen      total 561664K, used 158610K [0x00000000d5580000, 0x00000000fa300000, 0x0000000100000000)
  eden space 518656K, 28% used [0x00000000d5580000,0x00000000de709b88,0x00000000f5000000)
  from space 43008K, 22% used [0x00000000f7900000,0x00000000f825ad68,0x00000000fa300000)
  to   space 41984K, 0% used [0x00000000f5000000,0x00000000f5000000,0x00000000f7900000)
 ParOldGen       total 193536K, used 112069K [0x0000000080000000, 0x000000008bd00000, 0x00000000d5580000)
  object space 193536K, 57% used [0x0000000080000000,0x0000000086d714d0,0x000000008bd00000)
 Metaspace       used 107060K, capacity 112814K, committed 112984K, reserved 1146880K
  class space    used 14054K, capacity 15229K, committed 15232K, reserved 1048576K

Card table byte_map: [0x00000000122e0000,0x00000000126f0000] byte_map_base: 0x0000000011ee0000

Marking Bits: (ParMarkBitMap*) 0x000000006b20f030
 Begin Bits: [0x0000000012da0000, 0x0000000014da0000)
 End Bits:   [0x0000000014da0000, 0x0000000016da0000)

Polling page: 0x0000000000e70000

CodeCache: size=245760Kb used=57220Kb max_used=57902Kb free=188539Kb
 bounds [0x0000000002f20000, 0x0000000006810000, 0x0000000011f20000]
 total_blobs=16877 nmethods=15972 adapters=813
 compilation: enabled

Compilation events (10 events):
Event: 172.156 Thread 0x0000000017b52000 19462       2       com.android.tools.r8.p.n.S::a (105 bytes)
Event: 172.157 Thread 0x0000000017b52000 nmethod 19462 0x0000000003f8ee90 code [0x0000000003f8f0c0, 0x0000000003f8f668]
Event: 172.169 Thread 0x0000000017b52000 19463   !   3       com.android.tools.r8.q.a.a.b.d1::c (243 bytes)
Event: 172.170 Thread 0x0000000017b52000 nmethod 19463 0x0000000006294b90 code [0x0000000006294e80, 0x0000000006296db8]
Event: 172.185 Thread 0x0000000017b52000 19464       1       com.android.tools.r8.graph.g1::b (5 bytes)
Event: 172.185 Thread 0x0000000017b52000 nmethod 19464 0x0000000005de8190 code [0x0000000005de82e0, 0x0000000005de83f0]
Event: 172.187 Thread 0x0000000017b52000 19465       1       com.android.tools.r8.code.B2::o (3 bytes)
Event: 172.187 Thread 0x0000000017b52000 nmethod 19465 0x0000000005e18bd0 code [0x0000000005e18d20, 0x0000000005e18e30]
Event: 172.279 Thread 0x0000000017b52000 19466       2       java.util.stream.ReferencePipeline::forEach (11 bytes)
Event: 172.279 Thread 0x0000000017b52000 nmethod 19466 0x00000000059659d0 code [0x0000000005965b40, 0x0000000005965dd8]

GC Heap History (10 events):
Event: 160.274 GC heap before
{Heap before GC invocations=26 (full 4):
 PSYoungGen      total 338432K, used 332383K [0x00000000d5580000, 0x00000000f1000000, 0x0000000100000000)
  eden space 296448K, 100% used [0x00000000d5580000,0x00000000e7700000,0x00000000e7700000)
  from space 41984K, 85% used [0x00000000e7700000,0x00000000e9a17c20,0x00000000ea000000)
  to   space 46080K, 0% used [0x00000000ee300000,0x00000000ee300000,0x00000000f1000000)
 ParOldGen       total 193536K, used 67318K [0x0000000080000000, 0x000000008bd00000, 0x00000000d5580000)
  object space 193536K, 34% used [0x0000000080000000,0x00000000841bd9e0,0x000000008bd00000)
 Metaspace       used 106565K, capacity 112262K, committed 112472K, reserved 1146880K
  class space    used 14034K, capacity 15183K, committed 15232K, reserved 1048576K
Event: 160.342 GC heap after
Heap after GC invocations=26 (full 4):
 PSYoungGen      total 407040K, used 5440K [0x00000000d5580000, 0x00000000f1680000, 0x0000000100000000)
  eden space 360960K, 0% used [0x00000000d5580000,0x00000000d5580000,0x00000000eb600000)
  from space 46080K, 11% used [0x00000000ee300000,0x00000000ee850010,0x00000000f1000000)
  to   space 46080K, 0% used [0x00000000eb600000,0x00000000eb600000,0x00000000ee300000)
 ParOldGen       total 193536K, used 99152K [0x0000000080000000, 0x000000008bd00000, 0x00000000d5580000)
  object space 193536K, 51% used [0x0000000080000000,0x00000000860d4220,0x000000008bd00000)
 Metaspace       used 106565K, capacity 112262K, committed 112472K, reserved 1146880K
  class space    used 14034K, capacity 15183K, committed 15232K, reserved 1048576K
}
Event: 162.663 GC heap before
{Heap before GC invocations=27 (full 4):
 PSYoungGen      total 407040K, used 366400K [0x00000000d5580000, 0x00000000f1680000, 0x0000000100000000)
  eden space 360960K, 100% used [0x00000000d5580000,0x00000000eb600000,0x00000000eb600000)
  from space 46080K, 11% used [0x00000000ee300000,0x00000000ee850010,0x00000000f1000000)
  to   space 46080K, 0% used [0x00000000eb600000,0x00000000eb600000,0x00000000ee300000)
 ParOldGen       total 193536K, used 99152K [0x0000000080000000, 0x000000008bd00000, 0x00000000d5580000)
  object space 193536K, 51% used [0x0000000080000000,0x00000000860d4220,0x000000008bd00000)
 Metaspace       used 106646K, capacity 112346K, committed 112472K, reserved 1146880K
  class space    used 14041K, capacity 15185K, committed 15232K, reserved 1048576K
Event: 162.685 GC heap after
Heap after GC invocations=27 (full 4):
 PSYoungGen      total 407040K, used 4608K [0x00000000d5580000, 0x00000000f5f80000, 0x0000000100000000)
  eden space 360960K, 0% used [0x00000000d5580000,0x00000000d5580000,0x00000000eb600000)
  from space 46080K, 10% used [0x00000000eb600000,0x00000000eba80000,0x00000000ee300000)
  to   space 46080K, 0% used [0x00000000f3280000,0x00000000f3280000,0x00000000f5f80000)
 ParOldGen       total 193536K, used 103176K [0x0000000080000000, 0x000000008bd00000, 0x00000000d5580000)
  object space 193536K, 53% used [0x0000000080000000,0x00000000864c2270,0x000000008bd00000)
 Metaspace       used 106646K, capacity 112346K, committed 112472K, reserved 1146880K
  class space    used 14041K, capacity 15185K, committed 15232K, reserved 1048576K
}
Event: 164.017 GC heap before
{Heap before GC invocations=28 (full 4):
 PSYoungGen      total 407040K, used 365568K [0x00000000d5580000, 0x00000000f5f80000, 0x0000000100000000)
  eden space 360960K, 100% used [0x00000000d5580000,0x00000000eb600000,0x00000000eb600000)
  from space 46080K, 10% used [0x00000000eb600000,0x00000000eba80000,0x00000000ee300000)
  to   space 46080K, 0% used [0x00000000f3280000,0x00000000f3280000,0x00000000f5f80000)
 ParOldGen       total 193536K, used 103176K [0x0000000080000000, 0x000000008bd00000, 0x00000000d5580000)
  object space 193536K, 53% used [0x0000000080000000,0x00000000864c2270,0x000000008bd00000)
 Metaspace       used 106862K, capacity 112608K, committed 112728K, reserved 1146880K
  class space    used 14052K, capacity 15194K, committed 15232K, reserved 1048576K
Event: 164.046 GC heap after
Heap after GC invocations=28 (full 4):
 PSYoungGen      total 488960K, used 6459K [0x00000000d5580000, 0x00000000f5f00000, 0x0000000100000000)
  eden space 443392K, 0% used [0x00000000d5580000,0x00000000d5580000,0x00000000f0680000)
  from space 45568K, 14% used [0x00000000f3280000,0x00000000f38cecd8,0x00000000f5f00000)
  to   space 45056K, 0% used [0x00000000f0680000,0x00000000f0680000,0x00000000f3280000)
 ParOldGen       total 193536K, used 106487K [0x0000000080000000, 0x000000008bd00000, 0x00000000d5580000)
  object space 193536K, 55% used [0x0000000080000000,0x00000000867fdf70,0x000000008bd00000)
 Metaspace       used 106862K, capacity 112608K, committed 112728K, reserved 1146880K
  class space    used 14052K, capacity 15194K, committed 15232K, reserved 1048576K
}
Event: 168.249 GC heap before
{Heap before GC invocations=29 (full 4):
 PSYoungGen      total 488960K, used 449851K [0x00000000d5580000, 0x00000000f5f00000, 0x0000000100000000)
  eden space 443392K, 100% used [0x00000000d5580000,0x00000000f0680000,0x00000000f0680000)
  from space 45568K, 14% used [0x00000000f3280000,0x00000000f38cecd8,0x00000000f5f00000)
  to   space 45056K, 0% used [0x00000000f0680000,0x00000000f0680000,0x00000000f3280000)
 ParOldGen       total 193536K, used 106487K [0x0000000080000000, 0x000000008bd00000, 0x00000000d5580000)
  object space 193536K, 55% used [0x0000000080000000,0x00000000867fdf70,0x000000008bd00000)
 Metaspace       used 106975K, capacity 112720K, committed 112728K, reserved 1146880K
  class space    used 14053K, capacity 15226K, committed 15232K, reserved 1048576K
Event: 168.299 GC heap after
Heap after GC invocations=29 (full 4):
 PSYoungGen      total 488448K, used 5765K [0x00000000d5580000, 0x00000000fa400000, 0x0000000100000000)
  eden space 443392K, 0% used [0x00000000d5580000,0x00000000d5580000,0x00000000f0680000)
  from space 45056K, 12% used [0x00000000f0680000,0x00000000f0c21430,0x00000000f3280000)
  to   space 44032K, 0% used [0x00000000f7900000,0x00000000f7900000,0x00000000fa400000)
 ParOldGen       total 193536K, used 109455K [0x0000000080000000, 0x000000008bd00000, 0x00000000d5580000)
  object space 193536K, 56% used [0x0000000080000000,0x0000000086ae3c60,0x000000008bd00000)
 Metaspace       used 106975K, capacity 112720K, committed 112728K, reserved 1146880K
  class space    used 14053K, capacity 15226K, committed 15232K, reserved 1048576K
}
Event: 171.262 GC heap before
{Heap before GC invocations=30 (full 4):
 PSYoungGen      total 488448K, used 449157K [0x00000000d5580000, 0x00000000fa400000, 0x0000000100000000)
  eden space 443392K, 100% used [0x00000000d5580000,0x00000000f0680000,0x00000000f0680000)
  from space 45056K, 12% used [0x00000000f0680000,0x00000000f0c21430,0x00000000f3280000)
  to   space 44032K, 0% used [0x00000000f7900000,0x00000000f7900000,0x00000000fa400000)
 ParOldGen       total 193536K, used 109455K [0x0000000080000000, 0x000000008bd00000, 0x00000000d5580000)
  object space 193536K, 56% used [0x0000000080000000,0x0000000086ae3c60,0x000000008bd00000)
 Metaspace       used 107046K, capacity 112814K, committed 112984K, reserved 1146880K
  class space    used 14054K, capacity 15229K, committed 15232K, reserved 1048576K
Event: 171.336 GC heap after
Heap after GC invocations=30 (full 4):
 PSYoungGen      total 561664K, used 9579K [0x00000000d5580000, 0x00000000fa300000, 0x0000000100000000)
  eden space 518656K, 0% used [0x00000000d5580000,0x00000000d5580000,0x00000000f5000000)
  from space 43008K, 22% used [0x00000000f7900000,0x00000000f825ad68,0x00000000fa300000)
  to   space 41984K, 0% used [0x00000000f5000000,0x00000000f5000000,0x00000000f7900000)
 ParOldGen       total 193536K, used 112069K [0x0000000080000000, 0x000000008bd00000, 0x00000000d5580000)
  object space 193536K, 57% used [0x0000000080000000,0x0000000086d714d0,0x000000008bd00000)
 Metaspace       used 107046K, capacity 112814K, committed 112984K, reserved 1146880K
  class space    used 14054K, capacity 15229K, committed 15232K, reserved 1048576K
}

Deoptimization events (10 events):
Event: 169.533 Thread 0x000000001c3e0000 Uncommon trap: reason=class_check action=maybe_recompile pc=0x0000000006466880 method=com.android.tools.r8.ir.conversion.o.a(Lcom/android/tools/r8/ir/conversion/N;IZ)V @ 524
Event: 169.941 Thread 0x000000001c3e0000 Uncommon trap: reason=class_check action=maybe_recompile pc=0x00000000066f47ac method=com.android.tools.r8.s.b.q1.Z()I @ 19
Event: 169.960 Thread 0x000000001ee3f000 Uncommon trap: reason=class_check action=maybe_recompile pc=0x0000000005c28c9c method=com.android.tools.r8.dex.m.c(I)V @ 108
Event: 170.856 Thread 0x000000001c3e3000 Uncommon trap: reason=unstable_if action=reinterpret pc=0x000000000640d4b0 method=com.android.tools.r8.ir.conversion.N.a(ILcom/android/tools/r8/s/b/t1;Lcom/android/tools/r8/s/b/o;Lcom/android/tools/r8/s/b/o$c;Lcom/android/tools/r8/s/b/U0$a;)Lcom/android/t
Event: 170.865 Thread 0x000000001c3e3000 Uncommon trap: reason=unstable_if action=reinterpret pc=0x0000000005ced7ac method=com.android.tools.r8.s.a.h.e.b(Lcom/android/tools/r8/s/b/k0;)V @ 11
Event: 170.868 Thread 0x000000001c3e3000 Uncommon trap: reason=bimorphic action=maybe_recompile pc=0x00000000066f4514 method=com.android.tools.r8.ir.optimize.l.a(Lcom/android/tools/r8/s/b/X;Lcom/android/tools/r8/s/b/o;Ljava/util/function/Supplier;Ljava/util/Map;Ljava/util/function/Predicate;)V @
Event: 170.895 Thread 0x000000001c3de800 Uncommon trap: reason=unstable_if action=reinterpret pc=0x0000000006701f68 method=com.android.tools.r8.s.b.q.g()V @ 18
Event: 171.598 Thread 0x000000001ee3f000 Uncommon trap: reason=bimorphic action=maybe_recompile pc=0x00000000066f4514 method=com.android.tools.r8.ir.optimize.l.a(Lcom/android/tools/r8/s/b/X;Lcom/android/tools/r8/s/b/o;Ljava/util/function/Supplier;Ljava/util/Map;Ljava/util/function/Predicate;)V @
Event: 171.629 Thread 0x000000001c3de800 Uncommon trap: reason=class_check action=maybe_recompile pc=0x00000000066b3f04 method=com.android.tools.r8.s.b.q.remove()V @ 109
Event: 171.960 Thread 0x000000001c3de800 Uncommon trap: reason=null_check action=make_not_entrant pc=0x0000000003f4214c method=com.android.tools.r8.graph.i0.computeEquals(Ljava/lang/Object;)Z @ 1

Classes redefined (0 events):
No events

Internal exceptions (10 events):
Event: 170.680 Thread 0x000000001c3e0000 Exception <a 'sun/nio/fs/WindowsException'> (0x00000000e59d0950) thrown at [C:\src\AOSP-openjdk-git\hotspot\src\share\vm\prims\jni.cpp, line 710]
Event: 170.727 Thread 0x000000001c3e0000 Exception <a 'sun/nio/fs/WindowsException'> (0x00000000ea1bfc50) thrown at [C:\src\AOSP-openjdk-git\hotspot\src\share\vm\prims\jni.cpp, line 710]
Event: 170.742 Thread 0x000000001c3e3000 Exception <a 'sun/nio/fs/WindowsException'> (0x00000000e8021f00) thrown at [C:\src\AOSP-openjdk-git\hotspot\src\share\vm\prims\jni.cpp, line 710]
Event: 170.857 Thread 0x000000001c3e0000 Exception <a 'sun/nio/fs/WindowsException'> (0x00000000eba057b0) thrown at [C:\src\AOSP-openjdk-git\hotspot\src\share\vm\prims\jni.cpp, line 710]
Event: 171.240 Thread 0x000000001c3e3000 Exception <a 'sun/nio/fs/WindowsException'> (0x00000000f02a3b50) thrown at [C:\src\AOSP-openjdk-git\hotspot\src\share\vm\prims\jni.cpp, line 710]
Event: 171.675 Thread 0x000000001ee3f000 Exception <a 'sun/nio/fs/WindowsException'> (0x00000000d797f428) thrown at [C:\src\AOSP-openjdk-git\hotspot\src\share\vm\prims\jni.cpp, line 710]
Event: 171.787 Thread 0x000000001ee3f000 Exception <a 'sun/nio/fs/WindowsException'> (0x00000000d7a1db88) thrown at [C:\src\AOSP-openjdk-git\hotspot\src\share\vm\prims\jni.cpp, line 710]
Event: 171.960 Thread 0x000000001c3de800 Implicit null exception at 0x0000000003f41fcf to 0x0000000003f4213d
Event: 171.982 Thread 0x000000001c3de800 Exception <a 'sun/nio/fs/WindowsException'> (0x00000000db33f108) thrown at [C:\src\AOSP-openjdk-git\hotspot\src\share\vm\prims\jni.cpp, line 710]
Event: 172.192 Thread 0x000000001ee3f000 Exception <a 'sun/nio/fs/WindowsException'> (0x00000000ddcb1778) thrown at [C:\src\AOSP-openjdk-git\hotspot\src\share\vm\prims\jni.cpp, line 710]

Events (10 events):
Event: 172.090 Thread 0x000000001c3e0000 DEOPT PACKING pc=0x0000000005a97232 sp=0x0000000021529c90
Event: 172.090 Thread 0x000000001c3e0000 DEOPT UNPACKING pc=0x0000000002f675d0 sp=0x0000000021529bb0 mode 0
Event: 172.095 Thread 0x000000001c3e0000 DEOPT PACKING pc=0x00000000060b04b6 sp=0x0000000021529950
Event: 172.096 Thread 0x000000001c3e0000 DEOPT UNPACKING pc=0x0000000002f675d0 sp=0x0000000021529810 mode 0
Event: 172.153 Thread 0x000000001c3e0000 DEOPT PACKING pc=0x0000000005a97232 sp=0x0000000021529c90
Event: 172.153 Thread 0x000000001c3e0000 DEOPT UNPACKING pc=0x0000000002f675d0 sp=0x0000000021529bb0 mode 0
Event: 172.156 Thread 0x000000001ee3f000 DEOPT PACKING pc=0x0000000006683b45 sp=0x000000002a3074a0
Event: 172.156 Thread 0x000000001ee3f000 DEOPT UNPACKING pc=0x0000000002f675d0 sp=0x000000002a3075f0 mode 0
Event: 172.179 Thread 0x000000001c3e0000 DEOPT PACKING pc=0x0000000005a97257 sp=0x0000000021529c90
Event: 172.179 Thread 0x000000001c3e0000 DEOPT UNPACKING pc=0x0000000002f675d0 sp=0x0000000021529bb0 mode 0


Dynamic libraries:
0x00007ff7b3500000 - 0x00007ff7b3531000 	B:\Installs\Android Development\jre\bin\java.exe
0x00007ffaf60e0000 - 0x00007ffaf62d0000 	C:\Windows\SYSTEM32\ntdll.dll
0x00007ffaf5e90000 - 0x00007ffaf5f42000 	C:\Windows\System32\KERNEL32.DLL
0x00007ffaf31d0000 - 0x00007ffaf3475000 	C:\Windows\System32\KERNELBASE.dll
0x00007ffaf4190000 - 0x00007ffaf4233000 	C:\Windows\System32\ADVAPI32.dll
0x00007ffaf4d20000 - 0x00007ffaf4dbe000 	C:\Windows\System32\msvcrt.dll
0x00007ffaf5df0000 - 0x00007ffaf5e87000 	C:\Windows\System32\sechost.dll
0x00007ffaf4b60000 - 0x00007ffaf4c7f000 	C:\Windows\System32\RPCRT4.dll
0x00007ffaf53d0000 - 0x00007ffaf5564000 	C:\Windows\System32\USER32.dll
0x00007ffaf3480000 - 0x00007ffaf34a1000 	C:\Windows\System32\win32u.dll
0x00007ffaf4cf0000 - 0x00007ffaf4d16000 	C:\Windows\System32\GDI32.dll
0x00007ffaf3610000 - 0x00007ffaf37a8000 	C:\Windows\System32\gdi32full.dll
0x00007ffaf3f30000 - 0x00007ffaf3fce000 	C:\Windows\System32\msvcp_win.dll
0x00007ffaf34b0000 - 0x00007ffaf35aa000 	C:\Windows\System32\ucrtbase.dll
0x00007ffad20c0000 - 0x00007ffad2344000 	C:\Windows\WinSxS\amd64_microsoft.windows.common-controls_6595b64144ccf1df_6.0.18362.1316_none_9e7a364fe461dbd7\COMCTL32.dll
0x00007ffaf4dd0000 - 0x00007ffaf5107000 	C:\Windows\System32\combase.dll
0x00007ffaf3140000 - 0x00007ffaf31c1000 	C:\Windows\System32\bcryptPrimitives.dll
0x00007ffaf5bf0000 - 0x00007ffaf5c1e000 	C:\Windows\System32\IMM32.DLL
0x000000006a960000 - 0x000000006aa32000 	B:\Installs\Android Development\jre\jre\bin\msvcr100.dll
0x000000006aa40000 - 0x000000006b28b000 	B:\Installs\Android Development\jre\jre\bin\server\jvm.dll
0x00007ffaf5c90000 - 0x00007ffaf5c98000 	C:\Windows\System32\PSAPI.DLL
0x00007ffad1260000 - 0x00007ffad1269000 	C:\Windows\SYSTEM32\WSOCK32.dll
0x00007ffaf6030000 - 0x00007ffaf609f000 	C:\Windows\System32\WS2_32.dll
0x00007ffaed530000 - 0x00007ffaed53a000 	C:\Windows\SYSTEM32\VERSION.dll
0x00007ffae0760000 - 0x00007ffae0784000 	C:\Windows\SYSTEM32\WINMM.dll
0x00007ffae7ff0000 - 0x00007ffae801d000 	C:\Windows\SYSTEM32\WINMMBASE.dll
0x00007ffaf3fd0000 - 0x00007ffaf401a000 	C:\Windows\System32\cfgmgr32.dll
0x00007ffaee840000 - 0x00007ffaee84f000 	B:\Installs\Android Development\jre\jre\bin\verify.dll
0x00007ffaed080000 - 0x00007ffaed0a9000 	B:\Installs\Android Development\jre\jre\bin\java.dll
0x00007ffaedc60000 - 0x00007ffaedc76000 	B:\Installs\Android Development\jre\jre\bin\zip.dll
0x00007ffaf4240000 - 0x00007ffaf4928000 	C:\Windows\System32\SHELL32.dll
0x00007ffaf5110000 - 0x00007ffaf51b7000 	C:\Windows\System32\shcore.dll
0x00007ffaf37b0000 - 0x00007ffaf3f2b000 	C:\Windows\System32\windows.storage.dll
0x00007ffaf2ff0000 - 0x00007ffaf3013000 	C:\Windows\System32\profapi.dll
0x00007ffaf2fa0000 - 0x00007ffaf2fea000 	C:\Windows\System32\powrprof.dll
0x00007ffaf2f90000 - 0x00007ffaf2fa0000 	C:\Windows\System32\UMPDC.dll
0x00007ffaf5b90000 - 0x00007ffaf5be2000 	C:\Windows\System32\shlwapi.dll
0x00007ffaf3020000 - 0x00007ffaf3031000 	C:\Windows\System32\kernel.appcore.dll
0x00007ffaf4170000 - 0x00007ffaf4187000 	C:\Windows\System32\cryptsp.dll
0x00007ffaedb60000 - 0x00007ffaedb7a000 	B:\Installs\Android Development\jre\jre\bin\net.dll
0x00007ffaf27d0000 - 0x00007ffaf2837000 	C:\Windows\system32\mswsock.dll
0x00007ffaecf70000 - 0x00007ffaecf83000 	B:\Installs\Android Development\jre\jre\bin\nio.dll
0x00007ffad6b10000 - 0x00007ffad6b37000 	C:\Users\wafph\.gradle\native\f6784746aeab05261644944871eae4fe03e0ef1612fff0a4a95f87b438bc6780\windows-amd64\native-platform.dll
0x00007ffaedab0000 - 0x00007ffaedabd000 	B:\Installs\Android Development\jre\jre\bin\management.dll
0x00007ffaf22f0000 - 0x00007ffaf2323000 	C:\Windows\system32\rsaenh.dll
0x00007ffaf3060000 - 0x00007ffaf3086000 	C:\Windows\System32\bcrypt.dll
0x00007ffaf2eb0000 - 0x00007ffaf2ed5000 	C:\Windows\SYSTEM32\USERENV.dll
0x00007ffaf29a0000 - 0x00007ffaf29ac000 	C:\Windows\SYSTEM32\CRYPTBASE.dll
0x00007ffaf24e0000 - 0x00007ffaf251a000 	C:\Windows\SYSTEM32\IPHLPAPI.DLL
0x00007ffaf5c80000 - 0x00007ffaf5c88000 	C:\Windows\System32\NSI.dll
0x00007ffaea330000 - 0x00007ffaea346000 	C:\Windows\SYSTEM32\dhcpcsvc6.DLL
0x00007ffaec080000 - 0x00007ffaec09c000 	C:\Windows\SYSTEM32\dhcpcsvc.DLL
0x00007ffaf2520000 - 0x00007ffaf25eb000 	C:\Windows\SYSTEM32\DNSAPI.dll
0x00007ffaea7f0000 - 0x00007ffaea7fb000 	C:\Windows\SYSTEM32\WINNSI.DLL

VM Arguments:
jvm_args: -Xmx2048m -Dfile.encoding=UTF-8 -Duser.country=US -Duser.language=en -Duser.variant 
java_command: org.gradle.launcher.daemon.bootstrap.GradleDaemon 6.5
java_class_path (initial): C:\Users\wafph\.gradle\wrapper\dists\gradle-6.5-bin\6nifqtx7604sqp1q6g8wikw7p\gradle-6.5\lib\gradle-launcher-6.5.jar
Launcher Type: SUN_STANDARD

Environment Variables:
PATH=C:\Program Files (x86)\Common Files\Oracle\Java\javapath;C:\Windows\system32;C:\Windows;C:\Windows\System32\Wbem;C:\Windows\System32\WindowsPowerShell\v1.0\;C:\Windows\System32\OpenSSH\;C:\Program Files\NVIDIA Corporation\NVIDIA NvDLISR;C:\Program Files (x86)\NVIDIA Corporation\PhysX\Common;C:\Program Files\Microsoft SQL Server\Client SDK\ODBC\170\Tools\Binn\;C:\Program Files\Microsoft SQL Server\Client SDK\ODBC\130\Tools\Binn\;B:\Installs\Git\cmd;C:\Program Files\dotnet\;C:\Program Files (x86)\Microsoft SQL Server\150\DTS\Binn\;C:\Program Files\Azure Data Studio\bin;C:\Program Files (x86)\Microsoft SQL Server\150\Tools\Binn\;C:\Program Files\Microsoft SQL Server\150\Tools\Binn\;C:\Program Files\Microsoft SQL Server\150\DTS\Binn\;C:\Program Files\Microsoft SQL Server\130\Tools\Binn\;C:\Program Files\Git LFS;C:\Users\wafph\AppData\Local\Microsoft\WindowsApps;C:\Installs\Microsoft VS Code\bin;C:\Users\wafph\AppData\Local\GitHubDesktop\bin;C:\Users\wafph\.dotnet\tools;C:\Program Files\Azure Data Studio\bin;B:\Installs\MinGW\mingw64\bin;;B:\Installs\IntelliJ IDEA Community Edition 2020.3.1\bin;
USERNAME=wafph
OS=Windows_NT
PROCESSOR_IDENTIFIER=Intel64 Family 6 Model 94 Stepping 3, GenuineIntel



---------------  S Y S T E M  ---------------

OS: Windows 10.0 , 64 bit Build 18362 (10.0.18362.1316)

CPU:total 4 (initial active 4) (2 cores per cpu, 2 threads per core) family 6 model 94 stepping 3, cmov, cx8, fxsr, mmx, sse, sse2, sse3, ssse3, sse4.1, sse4.2, popcnt, avx, avx2, aes, clmul, erms, 3dnowpref, lzcnt, ht, tsc, tscinvbit, bmi1, bmi2, adx

Memory: 4k page, physical 8339896k(3214316k free), swap 12534200k(16632k free)

vm_info: OpenJDK 64-Bit Server VM (25.242-b01) for windows-amd64 JRE (1.8.0_242-release-1644-b01), built by "builder" with MS VC++ 10.0 (VS2010)

time: Tue Jan 19 13:57:46 2021
timezone: Russia TZ 2 Standard Time
elapsed time: 172 seconds (0d 0h 2m 52s)

